<?xml version="1.0" encoding="UTF-8"?>
<testng-results skipped="0" failed="0" total="4" passed="4">
  <reporter-output>
  </reporter-output>
  <suite name="Default suite" duration-ms="13725" started-at="2018-11-15T03:10:01Z" finished-at="2018-11-15T03:10:15Z">
    <groups>
    </groups>
    <test name="Default test" duration-ms="13725" started-at="2018-11-15T03:10:01Z" finished-at="2018-11-15T03:10:15Z">
      <class name="project.com.webtesting.ValidationTest">
        <test-method status="PASS" signature="setUP()[pri:0, instance:project.com.webtesting.ValidationTest@5c3bd550]" name="setUP" is-config="true" duration-ms="2703" started-at="2018-11-14T22:10:01Z" finished-at="2018-11-14T22:10:04Z">
          <reporter-output>
          </reporter-output>
        </test-method> <!-- setUP -->
        <test-method status="PASS" signature="setURL()[pri:0, instance:project.com.webtesting.ValidationTest@5c3bd550]" name="setURL" is-config="true" duration-ms="1701" started-at="2018-11-14T22:10:04Z" finished-at="2018-11-14T22:10:06Z">
          <reporter-output>
          </reporter-output>
        </test-method> <!-- setURL -->
        <test-method status="PASS" signature="validateLogin(java.lang.String, java.lang.String)[pri:0, instance:project.com.webtesting.ValidationTest@5c3bd550]" name="validateLogin" duration-ms="5643" started-at="2018-11-14T22:10:06Z" data-provider="getLoginCredentials" finished-at="2018-11-14T22:10:11Z">
          <params>
            <param index="0">
              <value>
                <![CDATA[gourav430i@gmail.com]]>
              </value>
            </param>
            <param index="1">
              <value>
                <![CDATA[Satbhaya@123]]>
              </value>
            </param>
          </params>
          <reporter-output>
          </reporter-output>
        </test-method> <!-- validateLogin -->
        <test-method status="PASS" signature="searchContext()[pri:0, instance:project.com.webtesting.ValidationTest@5c3bd550]" name="searchContext" duration-ms="2274" started-at="2018-11-14T22:10:11Z" finished-at="2018-11-14T22:10:14Z">
          <reporter-output>
          </reporter-output>
        </test-method> <!-- searchContext -->
        <test-method status="PASS" signature="addConnection()[pri:0, instance:project.com.webtesting.ValidationTest@5c3bd550]" name="addConnection" duration-ms="534" started-at="2018-11-14T22:10:14Z" finished-at="2018-11-14T22:10:14Z">
          <reporter-output>
          </reporter-output>
        </test-method> <!-- addConnection -->
        <test-method status="PASS" signature="validateNoteSend()[pri:0, instance:project.com.webtesting.ValidationTest@5c3bd550]" name="validateNoteSend" duration-ms="832" started-at="2018-11-14T22:10:14Z" finished-at="2018-11-14T22:10:15Z">
          <reporter-output>
          </reporter-output>
        </test-method> <!-- validateNoteSend -->
        <test-method status="PASS" signature="tearDown()[pri:0, instance:project.com.webtesting.ValidationTest@5c3bd550]" name="tearDown" is-config="true" duration-ms="0" started-at="2018-11-14T22:10:15Z" finished-at="2018-11-14T22:10:15Z">
          <reporter-output>
          </reporter-output>
        </test-method> <!-- tearDown -->
      </class> <!-- project.com.webtesting.ValidationTest -->
    </test> <!-- Default test -->
  </suite> <!-- Default suite -->
</testng-results>
