<?xml version="1.0" encoding="UTF-8"?>
<!-- Generated by org.testng.reporters.JUnitXMLReporter -->
<testsuite hostname="Gouravs-MacBook-Air.local" name="Default test" tests="4" failures="0" timestamp="15 Nov 2018 03:10:15 GMT" time="13.725" errors="0">
  <testcase name="validateLogin" time="5.643" classname="project.com.webtesting.ValidationTest"/>
  <testcase name="searchContext" time="2.274" classname="project.com.webtesting.ValidationTest"/>
  <testcase name="addConnection" time="0.534" classname="project.com.webtesting.ValidationTest"/>
  <testcase name="validateNoteSend" time="0.832" classname="project.com.webtesting.ValidationTest"/>
</testsuite> <!-- Default test -->
