<?xml version="1.0" encoding="UTF-8"?>
<!-- Generated by org.testng.reporters.JUnitXMLReporter -->
<testsuite hostname="Gouravs-MacBook-Air.local" name="Test1" tests="4" failures="0" timestamp="15 Nov 2018 03:01:18 GMT" time="19.734" errors="0">
  <testcase name="validateLogin" time="9.81" classname="project.com.webtesting.ValidationTest"/>
  <testcase name="searchContext" time="2.48" classname="project.com.webtesting.ValidationTest"/>
  <testcase name="addConnection" time="0.587" classname="project.com.webtesting.ValidationTest"/>
  <testcase name="validateNoteSend" time="0.8" classname="project.com.webtesting.ValidationTest"/>
</testsuite> <!-- Test1 -->
